Performing C SOURCE FILE Test CMAKE_HAVE_LIBC_PTHREAD failed with the following output:
Change Dir: /home/graphics/Desktop/HW5/Assignment5/CMakeFiles/CMakeTmp

Run Build Command(s):/usr/bin/make cmTC_6e9eb/fast && /usr/bin/make -f CMakeFiles/cmTC_6e9eb.dir/build.make CMakeFiles/cmTC_6e9eb.dir/build
make[1]: Entering directory '/home/graphics/Desktop/HW5/Assignment5/CMakeFiles/CMakeTmp'
Building C object CMakeFiles/cmTC_6e9eb.dir/src.c.o
/usr/bin/cc   -DCMAKE_HAVE_LIBC_PTHREAD   -o CMakeFiles/cmTC_6e9eb.dir/src.c.o   -c /home/graphics/Desktop/HW5/Assignment5/CMakeFiles/CMakeTmp/src.c
Linking C executable cmTC_6e9eb
/usr/bin/cmake -E cmake_link_script CMakeFiles/cmTC_6e9eb.dir/link.txt --verbose=1
/usr/bin/cc  -DCMAKE_HAVE_LIBC_PTHREAD    -rdynamic CMakeFiles/cmTC_6e9eb.dir/src.c.o  -o cmTC_6e9eb 
/usr/bin/ld: CMakeFiles/cmTC_6e9eb.dir/src.c.o: in function `main':
src.c:(.text+0x46): undefined reference to `pthread_create'
/usr/bin/ld: src.c:(.text+0x52): undefined reference to `pthread_detach'
/usr/bin/ld: src.c:(.text+0x63): undefined reference to `pthread_join'
collect2: error: ld returned 1 exit status
make[1]: *** [CMakeFiles/cmTC_6e9eb.dir/build.make:87: cmTC_6e9eb] Error 1
make[1]: Leaving directory '/home/graphics/Desktop/HW5/Assignment5/CMakeFiles/CMakeTmp'
make: *** [Makefile:121: cmTC_6e9eb/fast] Error 2


Source file was:
#include <pthread.h>

void* test_func(void* data)
{
  return data;
}

int main(void)
{
  pthread_t thread;
  pthread_create(&thread, NULL, test_func, NULL);
  pthread_detach(thread);
  pthread_join(thread, NULL);
  pthread_atfork(NULL, NULL, NULL);
  pthread_exit(NULL);

  return 0;
}

Determining if the function pthread_create exists in the pthreads failed with the following output:
Change Dir: /home/graphics/Desktop/HW5/Assignment5/CMakeFiles/CMakeTmp

Run Build Command(s):/usr/bin/make cmTC_16a7a/fast && /usr/bin/make -f CMakeFiles/cmTC_16a7a.dir/build.make CMakeFiles/cmTC_16a7a.dir/build
make[1]: Entering directory '/home/graphics/Desktop/HW5/Assignment5/CMakeFiles/CMakeTmp'
Building C object CMakeFiles/cmTC_16a7a.dir/CheckFunctionExists.c.o
/usr/bin/cc   -DCHECK_FUNCTION_EXISTS=pthread_create   -o CMakeFiles/cmTC_16a7a.dir/CheckFunctionExists.c.o   -c /usr/share/cmake-3.16/Modules/CheckFunctionExists.c
Linking C executable cmTC_16a7a
/usr/bin/cmake -E cmake_link_script CMakeFiles/cmTC_16a7a.dir/link.txt --verbose=1
/usr/bin/cc  -DCHECK_FUNCTION_EXISTS=pthread_create    -rdynamic CMakeFiles/cmTC_16a7a.dir/CheckFunctionExists.c.o  -o cmTC_16a7a  -lpthreads 
/usr/bin/ld: cannot find -lpthreads
collect2: error: ld returned 1 exit status
make[1]: *** [CMakeFiles/cmTC_16a7a.dir/build.make:87: cmTC_16a7a] Error 1
make[1]: Leaving directory '/home/graphics/Desktop/HW5/Assignment5/CMakeFiles/CMakeTmp'
make: *** [Makefile:121: cmTC_16a7a/fast] Error 2



Determining if the function glXGetProcAddressEXT exists failed with the following output:
Change Dir: /home/graphics/Desktop/HW5/Assignment5/CMakeFiles/CMakeTmp

Run Build Command(s):/usr/bin/make cmTC_72397/fast && /usr/bin/make -f CMakeFiles/cmTC_72397.dir/build.make CMakeFiles/cmTC_72397.dir/build
make[1]: Entering directory '/home/graphics/Desktop/HW5/Assignment5/CMakeFiles/CMakeTmp'
Building C object CMakeFiles/cmTC_72397.dir/CheckFunctionExists.c.o
/usr/bin/cc   -DCHECK_FUNCTION_EXISTS=glXGetProcAddressEXT   -o CMakeFiles/cmTC_72397.dir/CheckFunctionExists.c.o   -c /usr/share/cmake-3.16/Modules/CheckFunctionExists.c
Linking C executable cmTC_72397
/usr/bin/cmake -E cmake_link_script CMakeFiles/cmTC_72397.dir/link.txt --verbose=1
/usr/bin/cc  -DCHECK_FUNCTION_EXISTS=glXGetProcAddressEXT    -rdynamic CMakeFiles/cmTC_72397.dir/CheckFunctionExists.c.o  -o cmTC_72397  /usr/lib/x86_64-linux-gnu/libGL.so 
/usr/bin/ld: CMakeFiles/cmTC_72397.dir/CheckFunctionExists.c.o: in function `main':
CheckFunctionExists.c:(.text+0x14): undefined reference to `glXGetProcAddressEXT'
collect2: error: ld returned 1 exit status
make[1]: *** [CMakeFiles/cmTC_72397.dir/build.make:88: cmTC_72397] Error 1
make[1]: Leaving directory '/home/graphics/Desktop/HW5/Assignment5/CMakeFiles/CMakeTmp'
make: *** [Makefile:121: cmTC_72397/fast] Error 2



Performing C SOURCE FILE Test CMAKE_HAVE_LIBC_PTHREAD failed with the following output:
Change Dir: /home/graphics/Desktop/HW5/Assignment5/CMakeFiles/CMakeTmp

Run Build Command(s):/usr/bin/make cmTC_84c08/fast && /usr/bin/make -f CMakeFiles/cmTC_84c08.dir/build.make CMakeFiles/cmTC_84c08.dir/build
make[1]: Entering directory '/home/graphics/Desktop/HW5/Assignment5/CMakeFiles/CMakeTmp'
Building C object CMakeFiles/cmTC_84c08.dir/src.c.o
/usr/bin/cc   -DCMAKE_HAVE_LIBC_PTHREAD   -o CMakeFiles/cmTC_84c08.dir/src.c.o   -c /home/graphics/Desktop/HW5/Assignment5/CMakeFiles/CMakeTmp/src.c
Linking C executable cmTC_84c08
/usr/bin/cmake -E cmake_link_script CMakeFiles/cmTC_84c08.dir/link.txt --verbose=1
/usr/bin/cc  -DCMAKE_HAVE_LIBC_PTHREAD    -rdynamic CMakeFiles/cmTC_84c08.dir/src.c.o  -o cmTC_84c08 
/usr/bin/ld: CMakeFiles/cmTC_84c08.dir/src.c.o: in function `main':
src.c:(.text+0x46): undefined reference to `pthread_create'
/usr/bin/ld: src.c:(.text+0x52): undefined reference to `pthread_detach'
/usr/bin/ld: src.c:(.text+0x63): undefined reference to `pthread_join'
collect2: error: ld returned 1 exit status
make[1]: *** [CMakeFiles/cmTC_84c08.dir/build.make:87: cmTC_84c08] Error 1
make[1]: Leaving directory '/home/graphics/Desktop/HW5/Assignment5/CMakeFiles/CMakeTmp'
make: *** [Makefile:121: cmTC_84c08/fast] Error 2


Source file was:
#include <pthread.h>

void* test_func(void* data)
{
  return data;
}

int main(void)
{
  pthread_t thread;
  pthread_create(&thread, NULL, test_func, NULL);
  pthread_detach(thread);
  pthread_join(thread, NULL);
  pthread_atfork(NULL, NULL, NULL);
  pthread_exit(NULL);

  return 0;
}

Determining if the function pthread_create exists in the pthreads failed with the following output:
Change Dir: /home/graphics/Desktop/HW5/Assignment5/CMakeFiles/CMakeTmp

Run Build Command(s):/usr/bin/make cmTC_90024/fast && /usr/bin/make -f CMakeFiles/cmTC_90024.dir/build.make CMakeFiles/cmTC_90024.dir/build
make[1]: Entering directory '/home/graphics/Desktop/HW5/Assignment5/CMakeFiles/CMakeTmp'
Building C object CMakeFiles/cmTC_90024.dir/CheckFunctionExists.c.o
/usr/bin/cc   -DCHECK_FUNCTION_EXISTS=pthread_create   -o CMakeFiles/cmTC_90024.dir/CheckFunctionExists.c.o   -c /usr/share/cmake-3.16/Modules/CheckFunctionExists.c
Linking C executable cmTC_90024
/usr/bin/cmake -E cmake_link_script CMakeFiles/cmTC_90024.dir/link.txt --verbose=1
/usr/bin/cc  -DCHECK_FUNCTION_EXISTS=pthread_create    -rdynamic CMakeFiles/cmTC_90024.dir/CheckFunctionExists.c.o  -o cmTC_90024  -lpthreads 
/usr/bin/ld: cannot find -lpthreads
collect2: error: ld returned 1 exit status
make[1]: *** [CMakeFiles/cmTC_90024.dir/build.make:87: cmTC_90024] Error 1
make[1]: Leaving directory '/home/graphics/Desktop/HW5/Assignment5/CMakeFiles/CMakeTmp'
make: *** [Makefile:121: cmTC_90024/fast] Error 2



Determining if the function glXGetProcAddressEXT exists failed with the following output:
Change Dir: /home/graphics/Desktop/HW5/Assignment5/CMakeFiles/CMakeTmp

Run Build Command(s):/usr/bin/make cmTC_8c6d7/fast && /usr/bin/make -f CMakeFiles/cmTC_8c6d7.dir/build.make CMakeFiles/cmTC_8c6d7.dir/build
make[1]: Entering directory '/home/graphics/Desktop/HW5/Assignment5/CMakeFiles/CMakeTmp'
Building C object CMakeFiles/cmTC_8c6d7.dir/CheckFunctionExists.c.o
/usr/bin/cc   -DCHECK_FUNCTION_EXISTS=glXGetProcAddressEXT   -o CMakeFiles/cmTC_8c6d7.dir/CheckFunctionExists.c.o   -c /usr/share/cmake-3.16/Modules/CheckFunctionExists.c
Linking C executable cmTC_8c6d7
/usr/bin/cmake -E cmake_link_script CMakeFiles/cmTC_8c6d7.dir/link.txt --verbose=1
/usr/bin/cc  -DCHECK_FUNCTION_EXISTS=glXGetProcAddressEXT    -rdynamic CMakeFiles/cmTC_8c6d7.dir/CheckFunctionExists.c.o  -o cmTC_8c6d7  /usr/lib/x86_64-linux-gnu/libGL.so 
/usr/bin/ld: CMakeFiles/cmTC_8c6d7.dir/CheckFunctionExists.c.o: in function `main':
CheckFunctionExists.c:(.text+0x14): undefined reference to `glXGetProcAddressEXT'
collect2: error: ld returned 1 exit status
make[1]: *** [CMakeFiles/cmTC_8c6d7.dir/build.make:88: cmTC_8c6d7] Error 1
make[1]: Leaving directory '/home/graphics/Desktop/HW5/Assignment5/CMakeFiles/CMakeTmp'
make: *** [Makefile:121: cmTC_8c6d7/fast] Error 2



