Performing C SOURCE FILE Test CMAKE_HAVE_LIBC_PTHREAD failed with the following output:
Change Dir: /home/graphics/Desktop/cgmid/midt/CMakeFiles/CMakeTmp

Run Build Command(s):/usr/bin/make cmTC_de3db/fast && /usr/bin/make -f CMakeFiles/cmTC_de3db.dir/build.make CMakeFiles/cmTC_de3db.dir/build
make[1]: Entering directory '/home/graphics/Desktop/cgmid/midt/CMakeFiles/CMakeTmp'
Building C object CMakeFiles/cmTC_de3db.dir/src.c.o
/usr/bin/cc   -fPIC -DCMAKE_HAVE_LIBC_PTHREAD -mavx2   -o CMakeFiles/cmTC_de3db.dir/src.c.o   -c /home/graphics/Desktop/cgmid/midt/CMakeFiles/CMakeTmp/src.c
Linking C executable cmTC_de3db
/usr/bin/cmake -E cmake_link_script CMakeFiles/cmTC_de3db.dir/link.txt --verbose=1
/usr/bin/cc  -fPIC -DCMAKE_HAVE_LIBC_PTHREAD -mavx2    -rdynamic CMakeFiles/cmTC_de3db.dir/src.c.o  -o cmTC_de3db 
/usr/bin/ld: CMakeFiles/cmTC_de3db.dir/src.c.o: in function `main':
src.c:(.text+0x46): undefined reference to `pthread_create'
/usr/bin/ld: src.c:(.text+0x52): undefined reference to `pthread_detach'
/usr/bin/ld: src.c:(.text+0x63): undefined reference to `pthread_join'
collect2: error: ld returned 1 exit status
make[1]: *** [CMakeFiles/cmTC_de3db.dir/build.make:87: cmTC_de3db] Error 1
make[1]: Leaving directory '/home/graphics/Desktop/cgmid/midt/CMakeFiles/CMakeTmp'
make: *** [Makefile:121: cmTC_de3db/fast] Error 2


Source file was:
#include <pthread.h>

void* test_func(void* data)
{
  return data;
}

int main(void)
{
  pthread_t thread;
  pthread_create(&thread, NULL, test_func, NULL);
  pthread_detach(thread);
  pthread_join(thread, NULL);
  pthread_atfork(NULL, NULL, NULL);
  pthread_exit(NULL);

  return 0;
}

Determining if the function pthread_create exists in the pthreads failed with the following output:
Change Dir: /home/graphics/Desktop/cgmid/midt/CMakeFiles/CMakeTmp

Run Build Command(s):/usr/bin/make cmTC_c030b/fast && /usr/bin/make -f CMakeFiles/cmTC_c030b.dir/build.make CMakeFiles/cmTC_c030b.dir/build
make[1]: Entering directory '/home/graphics/Desktop/cgmid/midt/CMakeFiles/CMakeTmp'
Building C object CMakeFiles/cmTC_c030b.dir/CheckFunctionExists.c.o
/usr/bin/cc   -fPIC -DCHECK_FUNCTION_EXISTS=pthread_create -mavx2   -o CMakeFiles/cmTC_c030b.dir/CheckFunctionExists.c.o   -c /usr/share/cmake-3.16/Modules/CheckFunctionExists.c
Linking C executable cmTC_c030b
/usr/bin/cmake -E cmake_link_script CMakeFiles/cmTC_c030b.dir/link.txt --verbose=1
/usr/bin/cc  -fPIC -DCHECK_FUNCTION_EXISTS=pthread_create -mavx2    -rdynamic CMakeFiles/cmTC_c030b.dir/CheckFunctionExists.c.o  -o cmTC_c030b  -lpthreads 
/usr/bin/ld: cannot find -lpthreads
collect2: error: ld returned 1 exit status
make[1]: *** [CMakeFiles/cmTC_c030b.dir/build.make:87: cmTC_c030b] Error 1
make[1]: Leaving directory '/home/graphics/Desktop/cgmid/midt/CMakeFiles/CMakeTmp'
make: *** [Makefile:121: cmTC_c030b/fast] Error 2



Performing C SOURCE FILE Test CMAKE_HAVE_LIBC_PTHREAD failed with the following output:
Change Dir: /home/graphics/Desktop/cgmid/midt/CMakeFiles/CMakeTmp

Run Build Command(s):/usr/bin/make cmTC_7320e/fast && /usr/bin/make -f CMakeFiles/cmTC_7320e.dir/build.make CMakeFiles/cmTC_7320e.dir/build
make[1]: Entering directory '/home/graphics/Desktop/cgmid/midt/CMakeFiles/CMakeTmp'
Building C object CMakeFiles/cmTC_7320e.dir/src.c.o
/usr/bin/cc   -fPIC -DCMAKE_HAVE_LIBC_PTHREAD -mavx2   -o CMakeFiles/cmTC_7320e.dir/src.c.o   -c /home/graphics/Desktop/cgmid/midt/CMakeFiles/CMakeTmp/src.c
Linking C executable cmTC_7320e
/usr/bin/cmake -E cmake_link_script CMakeFiles/cmTC_7320e.dir/link.txt --verbose=1
/usr/bin/cc  -fPIC -DCMAKE_HAVE_LIBC_PTHREAD -mavx2    -rdynamic CMakeFiles/cmTC_7320e.dir/src.c.o  -o cmTC_7320e 
/usr/bin/ld: CMakeFiles/cmTC_7320e.dir/src.c.o: in function `main':
src.c:(.text+0x46): undefined reference to `pthread_create'
/usr/bin/ld: src.c:(.text+0x52): undefined reference to `pthread_detach'
/usr/bin/ld: src.c:(.text+0x63): undefined reference to `pthread_join'
collect2: error: ld returned 1 exit status
make[1]: *** [CMakeFiles/cmTC_7320e.dir/build.make:87: cmTC_7320e] Error 1
make[1]: Leaving directory '/home/graphics/Desktop/cgmid/midt/CMakeFiles/CMakeTmp'
make: *** [Makefile:121: cmTC_7320e/fast] Error 2


Source file was:
#include <pthread.h>

void* test_func(void* data)
{
  return data;
}

int main(void)
{
  pthread_t thread;
  pthread_create(&thread, NULL, test_func, NULL);
  pthread_detach(thread);
  pthread_join(thread, NULL);
  pthread_atfork(NULL, NULL, NULL);
  pthread_exit(NULL);

  return 0;
}

Determining if the function pthread_create exists in the pthreads failed with the following output:
Change Dir: /home/graphics/Desktop/cgmid/midt/CMakeFiles/CMakeTmp

Run Build Command(s):/usr/bin/make cmTC_684e2/fast && /usr/bin/make -f CMakeFiles/cmTC_684e2.dir/build.make CMakeFiles/cmTC_684e2.dir/build
make[1]: Entering directory '/home/graphics/Desktop/cgmid/midt/CMakeFiles/CMakeTmp'
Building C object CMakeFiles/cmTC_684e2.dir/CheckFunctionExists.c.o
/usr/bin/cc   -fPIC -DCHECK_FUNCTION_EXISTS=pthread_create -mavx2   -o CMakeFiles/cmTC_684e2.dir/CheckFunctionExists.c.o   -c /usr/share/cmake-3.16/Modules/CheckFunctionExists.c
Linking C executable cmTC_684e2
/usr/bin/cmake -E cmake_link_script CMakeFiles/cmTC_684e2.dir/link.txt --verbose=1
/usr/bin/cc  -fPIC -DCHECK_FUNCTION_EXISTS=pthread_create -mavx2    -rdynamic CMakeFiles/cmTC_684e2.dir/CheckFunctionExists.c.o  -o cmTC_684e2  -lpthreads 
/usr/bin/ld: cannot find -lpthreads
collect2: error: ld returned 1 exit status
make[1]: *** [CMakeFiles/cmTC_684e2.dir/build.make:87: cmTC_684e2] Error 1
make[1]: Leaving directory '/home/graphics/Desktop/cgmid/midt/CMakeFiles/CMakeTmp'
make: *** [Makefile:121: cmTC_684e2/fast] Error 2



